2026-03-10 15:23:07.442 | INFO     | __main__:run_full_pipeline:50 - STEP 1/7 — Loading data
2026-03-10 15:23:07.444 | WARNING  | src.data_loader:load_data:130 - Data file not found at C:\Users\nagan\VSCode\crm_churn_prediction\data\telco_churn.csv. Generating synthetic dataset …
Tip: Download the real dataset from https://www.kaggle.com/datasets/blastchar/telco-customer-churn and save it to C:\Users\nagan\VSCode\crm_churn_prediction\data\telco_churn.csv
2026-03-10 15:23:07.445 | INFO     | src.data_loader:generate_synthetic_data:51 - Generating synthetic dataset with 7043 records …
2026-03-10 15:23:07.645 | INFO     | src.data_loader:generate_synthetic_data:116 - Churn rate: 37.0%
2026-03-10 15:23:07.781 | INFO     | src.data_loader:load_data:140 - Synthetic data saved → C:\Users\nagan\VSCode\crm_churn_prediction\data\telco_churn.csv
2026-03-10 15:23:07.832 | INFO     | __main__:run_full_pipeline:55 - STEP 2/7 — Cleaning & preprocessing
2026-03-10 15:23:07.833 | INFO     | src.preprocessing:clean:36 - Starting data cleaning …
2026-03-10 15:23:07.995 | INFO     | src.preprocessing:_handle_missing_values:87 - Missing values: 354 → 0
2026-03-10 15:23:08.018 | INFO     | src.preprocessing:_encode_target:106 - Target encoded. Churn rate: 37.0% (class imbalance ratio 1:1.7)
2026-03-10 15:23:08.019 | INFO     | src.preprocessing:clean:43 - Cleaning complete. Shape: (7043, 19)
2026-03-10 15:23:08.020 | INFO     | __main__:run_full_pipeline:60 - STEP 3/7 — Train / val / test split
2026-03-10 15:23:08.081 | INFO     | src.preprocessing:split_data:141 - Split sizes → train: 4,929 | val: 705 | test: 1,409
2026-03-10 15:23:08.083 | INFO     | src.preprocessing:split_data:145 - Churn rates → train: 36.9% | val: 37.0% | test: 37.0%
2026-03-10 15:23:08.086 | INFO     | __main__:run_full_pipeline:64 - STEP 4/7 — Training models with MLflow tracking
2026-03-10 15:23:15.764 | INFO     | src.train:train_all_models:85 - 
=======================================================
2026-03-10 15:23:15.765 | INFO     | src.train:train_all_models:86 - Training: LOGISTIC_REGRESSION
2026-03-10 15:23:15.766 | INFO     | src.train:train_all_models:87 - =======================================================
2026-03-10 15:23:16.497 | INFO     | src.feature_engineering:build_feature_pipeline:153 - Feature pipeline built.
2026-03-10 15:23:16.846 | INFO     | src.evaluate:evaluate_model:57 - 
[VAL] Evaluation Results:
2026-03-10 15:23:16.848 | INFO     | src.evaluate:evaluate_model:58 -   ROC-AUC   : 0.6805
2026-03-10 15:23:16.848 | INFO     | src.evaluate:evaluate_model:59 -   F1        : 0.5796
2026-03-10 15:23:16.849 | INFO     | src.evaluate:evaluate_model:60 -   Precision : 0.4959
2026-03-10 15:23:16.849 | INFO     | src.evaluate:evaluate_model:61 -   Recall    : 0.6973
2026-03-10 15:23:16.869 | INFO     | src.evaluate:evaluate_model:62 - 
              precision    recall  f1-score   support

    No Churn       0.77      0.58      0.66       444
       Churn       0.50      0.70      0.58       261

    accuracy                           0.63       705
   macro avg       0.63      0.64      0.62       705
weighted avg       0.67      0.63      0.63       705

2026-03-10 15:23:16.967 | INFO     | src.evaluate:evaluate_model:57 - 
[TEST] Evaluation Results:
2026-03-10 15:23:16.968 | INFO     | src.evaluate:evaluate_model:58 -   ROC-AUC   : 0.7019
2026-03-10 15:23:16.969 | INFO     | src.evaluate:evaluate_model:59 -   F1        : 0.5957
2026-03-10 15:23:16.969 | INFO     | src.evaluate:evaluate_model:60 -   Precision : 0.5224
2026-03-10 15:23:16.970 | INFO     | src.evaluate:evaluate_model:61 -   Recall    : 0.6929
2026-03-10 15:23:16.986 | INFO     | src.evaluate:evaluate_model:62 - 
              precision    recall  f1-score   support

    No Churn       0.78      0.63      0.69       888
       Churn       0.52      0.69      0.60       521

    accuracy                           0.65      1409
   macro avg       0.65      0.66      0.65      1409
weighted avg       0.68      0.65      0.66      1409

2026-03-10 15:23:40.238 | INFO     | src.train:train_all_models:130 - Model saved → C:\Users\nagan\VSCode\crm_churn_prediction\models\logistic_regression_pipeline.joblib
2026-03-10 15:23:40.286 | INFO     | src.train:train_all_models:85 - 
=======================================================
2026-03-10 15:23:40.290 | INFO     | src.train:train_all_models:86 - Training: RANDOM_FOREST
2026-03-10 15:23:40.292 | INFO     | src.train:train_all_models:87 - =======================================================
2026-03-10 15:23:40.373 | INFO     | src.feature_engineering:build_feature_pipeline:153 - Feature pipeline built.
2026-03-10 15:23:43.081 | INFO     | src.evaluate:evaluate_model:57 - 
[VAL] Evaluation Results:
2026-03-10 15:23:43.082 | INFO     | src.evaluate:evaluate_model:58 -   ROC-AUC   : 0.6764
2026-03-10 15:23:43.083 | INFO     | src.evaluate:evaluate_model:59 -   F1        : 0.5483
2026-03-10 15:23:43.084 | INFO     | src.evaluate:evaluate_model:60 -   Precision : 0.5065
2026-03-10 15:23:43.084 | INFO     | src.evaluate:evaluate_model:61 -   Recall    : 0.5977
2026-03-10 15:23:43.127 | INFO     | src.evaluate:evaluate_model:62 - 
              precision    recall  f1-score   support

    No Churn       0.74      0.66      0.69       444
       Churn       0.51      0.60      0.55       261

    accuracy                           0.64       705
   macro avg       0.62      0.63      0.62       705
weighted avg       0.65      0.64      0.64       705

2026-03-10 15:23:43.539 | INFO     | src.evaluate:evaluate_model:57 - 
[TEST] Evaluation Results:
2026-03-10 15:23:43.541 | INFO     | src.evaluate:evaluate_model:58 -   ROC-AUC   : 0.6962
2026-03-10 15:23:43.543 | INFO     | src.evaluate:evaluate_model:59 -   F1        : 0.5526
2026-03-10 15:23:43.544 | INFO     | src.evaluate:evaluate_model:60 -   Precision : 0.5089
2026-03-10 15:23:43.544 | INFO     | src.evaluate:evaluate_model:61 -   Recall    : 0.6046
2026-03-10 15:23:43.568 | INFO     | src.evaluate:evaluate_model:62 - 
              precision    recall  f1-score   support

    No Churn       0.74      0.66      0.70       888
       Churn       0.51      0.60      0.55       521

    accuracy                           0.64      1409
   macro avg       0.62      0.63      0.62      1409
weighted avg       0.65      0.64      0.64      1409

2026-03-10 15:23:57.853 | INFO     | src.train:train_all_models:130 - Model saved → C:\Users\nagan\VSCode\crm_churn_prediction\models\random_forest_pipeline.joblib
2026-03-10 15:23:57.879 | INFO     | src.train:train_all_models:85 - 
=======================================================
2026-03-10 15:23:57.880 | INFO     | src.train:train_all_models:86 - Training: XGBOOST
2026-03-10 15:23:57.881 | INFO     | src.train:train_all_models:87 - =======================================================
2026-03-10 15:23:57.943 | INFO     | src.feature_engineering:build_feature_pipeline:153 - Feature pipeline built.
2026-03-10 15:24:01.545 | INFO     | src.evaluate:evaluate_model:57 - 
[VAL] Evaluation Results:
2026-03-10 15:24:01.546 | INFO     | src.evaluate:evaluate_model:58 -   ROC-AUC   : 0.6592
2026-03-10 15:24:01.547 | INFO     | src.evaluate:evaluate_model:59 -   F1        : 0.4174
2026-03-10 15:24:01.548 | INFO     | src.evaluate:evaluate_model:60 -   Precision : 0.5200
2026-03-10 15:24:01.548 | INFO     | src.evaluate:evaluate_model:61 -   Recall    : 0.3487
2026-03-10 15:24:01.568 | INFO     | src.evaluate:evaluate_model:62 - 
              precision    recall  f1-score   support

    No Churn       0.68      0.81      0.74       444
       Churn       0.52      0.35      0.42       261

    accuracy                           0.64       705
   macro avg       0.60      0.58      0.58       705
weighted avg       0.62      0.64      0.62       705

2026-03-10 15:24:01.705 | INFO     | src.evaluate:evaluate_model:57 - 
[TEST] Evaluation Results:
2026-03-10 15:24:01.707 | INFO     | src.evaluate:evaluate_model:58 -   ROC-AUC   : 0.6629
2026-03-10 15:24:01.708 | INFO     | src.evaluate:evaluate_model:59 -   F1        : 0.4000
2026-03-10 15:24:01.708 | INFO     | src.evaluate:evaluate_model:60 -   Precision : 0.5029
2026-03-10 15:24:01.709 | INFO     | src.evaluate:evaluate_model:61 -   Recall    : 0.3321
2026-03-10 15:24:01.730 | INFO     | src.evaluate:evaluate_model:62 - 
              precision    recall  f1-score   support

    No Churn       0.67      0.81      0.73       888
       Churn       0.50      0.33      0.40       521

    accuracy                           0.63      1409
   macro avg       0.59      0.57      0.57      1409
weighted avg       0.61      0.63      0.61      1409

2026-03-10 15:24:13.227 | INFO     | src.train:train_all_models:130 - Model saved → C:\Users\nagan\VSCode\crm_churn_prediction\models\xgboost_pipeline.joblib
2026-03-10 15:24:13.271 | INFO     | src.train:train_all_models:85 - 
=======================================================
2026-03-10 15:24:13.272 | INFO     | src.train:train_all_models:86 - Training: LIGHTGBM
2026-03-10 15:24:13.279 | INFO     | src.train:train_all_models:87 - =======================================================
2026-03-10 15:24:13.349 | INFO     | src.feature_engineering:build_feature_pipeline:153 - Feature pipeline built.
2026-03-10 15:24:20.129 | INFO     | src.evaluate:evaluate_model:57 - 
[VAL] Evaluation Results:
2026-03-10 15:24:20.130 | INFO     | src.evaluate:evaluate_model:58 -   ROC-AUC   : 0.6568
2026-03-10 15:24:20.130 | INFO     | src.evaluate:evaluate_model:59 -   F1        : 0.5316
2026-03-10 15:24:20.131 | INFO     | src.evaluate:evaluate_model:60 -   Precision : 0.5034
2026-03-10 15:24:20.131 | INFO     | src.evaluate:evaluate_model:61 -   Recall    : 0.5632
2026-03-10 15:24:20.154 | INFO     | src.evaluate:evaluate_model:62 - 
              precision    recall  f1-score   support

    No Churn       0.72      0.67      0.70       444
       Churn       0.50      0.56      0.53       261

    accuracy                           0.63       705
   macro avg       0.61      0.62      0.61       705
weighted avg       0.64      0.63      0.64       705

2026-03-10 15:24:20.286 | INFO     | src.evaluate:evaluate_model:57 - 
[TEST] Evaluation Results:
2026-03-10 15:24:20.287 | INFO     | src.evaluate:evaluate_model:58 -   ROC-AUC   : 0.6597
2026-03-10 15:24:20.287 | INFO     | src.evaluate:evaluate_model:59 -   F1        : 0.5346
2026-03-10 15:24:20.288 | INFO     | src.evaluate:evaluate_model:60 -   Precision : 0.4975
2026-03-10 15:24:20.289 | INFO     | src.evaluate:evaluate_model:61 -   Recall    : 0.5777
2026-03-10 15:24:20.311 | INFO     | src.evaluate:evaluate_model:62 - 
              precision    recall  f1-score   support

    No Churn       0.73      0.66      0.69       888
       Churn       0.50      0.58      0.53       521

    accuracy                           0.63      1409
   macro avg       0.61      0.62      0.61      1409
weighted avg       0.64      0.63      0.63      1409

2026-03-10 15:24:32.851 | INFO     | src.train:train_all_models:130 - Model saved → C:\Users\nagan\VSCode\crm_churn_prediction\models\lightgbm_pipeline.joblib
2026-03-10 15:24:32.927 | INFO     | __main__:run_full_pipeline:89 - STEP 5/7 — Detailed evaluation of best model: logistic_regression
2026-03-10 15:24:33.022 | INFO     | src.evaluate:find_optimal_threshold:204 - Optimal threshold: 0.354 (F1=0.5932)
2026-03-10 15:24:34.112 | INFO     | src.evaluate:plot_confusion_matrix:96 - Confusion matrix saved → C:\Users\nagan\VSCode\crm_churn_prediction\logs\plots\logistic_regression_confusion_matrix.png
2026-03-10 15:24:34.114 | INFO     | __main__:run_full_pipeline:103 - STEP 6/7 — Generating ROC comparison plots
2026-03-10 15:24:35.331 | INFO     | src.evaluate:plot_roc_curves:128 - ROC curves saved → C:\Users\nagan\VSCode\crm_churn_prediction\logs\plots\roc_curves_comparison.png
2026-03-10 15:24:35.332 | INFO     | __main__:run_full_pipeline:108 - STEP 7/7 — Computing SHAP feature importance
2026-03-10 15:24:40.118 | INFO     | src.evaluate:plot_shap_importance:150 - Computing SHAP values (this may take ~30s) …
2026-03-10 16:25:23.906 | INFO     | __main__:run_full_pipeline:50 - STEP 1/7 — Loading data
2026-03-10 16:25:23.909 | INFO     | src.data_loader:load_data:126 - Loading data from C:\Users\nagan\VSCode\crm_churn_prediction\data\telco_churn.csv
2026-03-10 16:25:23.983 | INFO     | src.data_loader:load_data:128 - Loaded 7,043 rows × 20 columns
2026-03-10 16:25:24.011 | INFO     | __main__:run_full_pipeline:55 - STEP 2/7 — Cleaning & preprocessing
2026-03-10 16:25:24.011 | INFO     | src.preprocessing:clean:36 - Starting data cleaning …
2026-03-10 16:25:24.065 | INFO     | src.preprocessing:_handle_missing_values:87 - Missing values: 354 → 0
2026-03-10 16:25:24.072 | INFO     | src.preprocessing:_encode_target:106 - Target encoded. Churn rate: 37.0% (class imbalance ratio 1:1.7)
2026-03-10 16:25:24.072 | INFO     | src.preprocessing:clean:43 - Cleaning complete. Shape: (7043, 19)
2026-03-10 16:25:24.072 | INFO     | __main__:run_full_pipeline:60 - STEP 3/7 — Train / val / test split
2026-03-10 16:25:24.089 | INFO     | src.preprocessing:split_data:141 - Split sizes → train: 4,929 | val: 705 | test: 1,409
2026-03-10 16:25:24.089 | INFO     | src.preprocessing:split_data:145 - Churn rates → train: 36.9% | val: 37.0% | test: 37.0%
2026-03-10 16:25:24.090 | INFO     | __main__:run_full_pipeline:64 - STEP 4/7 — Training models with MLflow tracking
2026-03-10 16:25:25.483 | INFO     | src.train:train_all_models:85 - 
=======================================================
2026-03-10 16:25:25.483 | INFO     | src.train:train_all_models:86 - Training: LOGISTIC_REGRESSION
2026-03-10 16:25:25.484 | INFO     | src.train:train_all_models:87 - =======================================================
2026-03-10 16:25:25.672 | INFO     | src.feature_engineering:build_feature_pipeline:153 - Feature pipeline built.
2026-03-10 16:25:25.781 | INFO     | src.evaluate:evaluate_model:57 - 
[VAL] Evaluation Results:
2026-03-10 16:25:25.781 | INFO     | src.evaluate:evaluate_model:58 -   ROC-AUC   : 0.6805
2026-03-10 16:25:25.782 | INFO     | src.evaluate:evaluate_model:59 -   F1        : 0.5796
2026-03-10 16:25:25.782 | INFO     | src.evaluate:evaluate_model:60 -   Precision : 0.4959
2026-03-10 16:25:25.782 | INFO     | src.evaluate:evaluate_model:61 -   Recall    : 0.6973
2026-03-10 16:25:25.787 | INFO     | src.evaluate:evaluate_model:62 - 
              precision    recall  f1-score   support

    No Churn       0.77      0.58      0.66       444
       Churn       0.50      0.70      0.58       261

    accuracy                           0.63       705
   macro avg       0.63      0.64      0.62       705
weighted avg       0.67      0.63      0.63       705

2026-03-10 16:25:25.817 | INFO     | src.evaluate:evaluate_model:57 - 
[TEST] Evaluation Results:
2026-03-10 16:25:25.818 | INFO     | src.evaluate:evaluate_model:58 -   ROC-AUC   : 0.7019
2026-03-10 16:25:25.818 | INFO     | src.evaluate:evaluate_model:59 -   F1        : 0.5957
2026-03-10 16:25:25.818 | INFO     | src.evaluate:evaluate_model:60 -   Precision : 0.5224
2026-03-10 16:25:25.818 | INFO     | src.evaluate:evaluate_model:61 -   Recall    : 0.6929
2026-03-10 16:25:25.826 | INFO     | src.evaluate:evaluate_model:62 - 
              precision    recall  f1-score   support

    No Churn       0.78      0.63      0.69       888
       Churn       0.52      0.69      0.60       521

    accuracy                           0.65      1409
   macro avg       0.65      0.66      0.65      1409
weighted avg       0.68      0.65      0.66      1409

2026-03-10 16:25:37.689 | INFO     | src.train:train_all_models:130 - Model saved → C:\Users\nagan\VSCode\crm_churn_prediction\models\logistic_regression_pipeline.joblib
2026-03-10 16:25:37.701 | INFO     | src.train:train_all_models:85 - 
=======================================================
2026-03-10 16:25:37.702 | INFO     | src.train:train_all_models:86 - Training: RANDOM_FOREST
2026-03-10 16:25:37.702 | INFO     | src.train:train_all_models:87 - =======================================================
2026-03-10 16:25:37.722 | INFO     | src.feature_engineering:build_feature_pipeline:153 - Feature pipeline built.
2026-03-10 16:25:38.510 | INFO     | src.evaluate:evaluate_model:57 - 
[VAL] Evaluation Results:
2026-03-10 16:25:38.510 | INFO     | src.evaluate:evaluate_model:58 -   ROC-AUC   : 0.6764
2026-03-10 16:25:38.511 | INFO     | src.evaluate:evaluate_model:59 -   F1        : 0.5483
2026-03-10 16:25:38.511 | INFO     | src.evaluate:evaluate_model:60 -   Precision : 0.5065
2026-03-10 16:25:38.511 | INFO     | src.evaluate:evaluate_model:61 -   Recall    : 0.5977
2026-03-10 16:25:38.517 | INFO     | src.evaluate:evaluate_model:62 - 
              precision    recall  f1-score   support

    No Churn       0.74      0.66      0.69       444
       Churn       0.51      0.60      0.55       261

    accuracy                           0.64       705
   macro avg       0.62      0.63      0.62       705
weighted avg       0.65      0.64      0.64       705

2026-03-10 16:25:38.726 | INFO     | src.evaluate:evaluate_model:57 - 
[TEST] Evaluation Results:
2026-03-10 16:25:38.727 | INFO     | src.evaluate:evaluate_model:58 -   ROC-AUC   : 0.6962
2026-03-10 16:25:38.727 | INFO     | src.evaluate:evaluate_model:59 -   F1        : 0.5526
2026-03-10 16:25:38.727 | INFO     | src.evaluate:evaluate_model:60 -   Precision : 0.5089
2026-03-10 16:25:38.728 | INFO     | src.evaluate:evaluate_model:61 -   Recall    : 0.6046
2026-03-10 16:25:38.733 | INFO     | src.evaluate:evaluate_model:62 - 
              precision    recall  f1-score   support

    No Churn       0.74      0.66      0.70       888
       Churn       0.51      0.60      0.55       521

    accuracy                           0.64      1409
   macro avg       0.62      0.63      0.62      1409
weighted avg       0.65      0.64      0.64      1409

2026-03-10 16:25:43.947 | INFO     | src.train:train_all_models:130 - Model saved → C:\Users\nagan\VSCode\crm_churn_prediction\models\random_forest_pipeline.joblib
2026-03-10 16:25:43.961 | INFO     | src.train:train_all_models:85 - 
=======================================================
2026-03-10 16:25:43.961 | INFO     | src.train:train_all_models:86 - Training: XGBOOST
2026-03-10 16:25:43.962 | INFO     | src.train:train_all_models:87 - =======================================================
2026-03-10 16:25:43.984 | INFO     | src.feature_engineering:build_feature_pipeline:153 - Feature pipeline built.
2026-03-10 16:25:44.937 | INFO     | src.evaluate:evaluate_model:57 - 
[VAL] Evaluation Results:
2026-03-10 16:25:44.938 | INFO     | src.evaluate:evaluate_model:58 -   ROC-AUC   : 0.6592
2026-03-10 16:25:44.938 | INFO     | src.evaluate:evaluate_model:59 -   F1        : 0.4174
2026-03-10 16:25:44.938 | INFO     | src.evaluate:evaluate_model:60 -   Precision : 0.5200
2026-03-10 16:25:44.939 | INFO     | src.evaluate:evaluate_model:61 -   Recall    : 0.3487
2026-03-10 16:25:44.950 | INFO     | src.evaluate:evaluate_model:62 - 
              precision    recall  f1-score   support

    No Churn       0.68      0.81      0.74       444
       Churn       0.52      0.35      0.42       261

    accuracy                           0.64       705
   macro avg       0.60      0.58      0.58       705
weighted avg       0.62      0.64      0.62       705

2026-03-10 16:25:45.012 | INFO     | src.evaluate:evaluate_model:57 - 
[TEST] Evaluation Results:
2026-03-10 16:25:45.013 | INFO     | src.evaluate:evaluate_model:58 -   ROC-AUC   : 0.6629
2026-03-10 16:25:45.013 | INFO     | src.evaluate:evaluate_model:59 -   F1        : 0.4000
2026-03-10 16:25:45.014 | INFO     | src.evaluate:evaluate_model:60 -   Precision : 0.5029
2026-03-10 16:25:45.014 | INFO     | src.evaluate:evaluate_model:61 -   Recall    : 0.3321
2026-03-10 16:25:45.025 | INFO     | src.evaluate:evaluate_model:62 - 
              precision    recall  f1-score   support

    No Churn       0.67      0.81      0.73       888
       Churn       0.50      0.33      0.40       521

    accuracy                           0.63      1409
   macro avg       0.59      0.57      0.57      1409
weighted avg       0.61      0.63      0.61      1409

2026-03-10 16:25:50.248 | INFO     | src.train:train_all_models:130 - Model saved → C:\Users\nagan\VSCode\crm_churn_prediction\models\xgboost_pipeline.joblib
2026-03-10 16:25:50.290 | INFO     | src.train:train_all_models:85 - 
=======================================================
2026-03-10 16:25:50.292 | INFO     | src.train:train_all_models:86 - Training: LIGHTGBM
2026-03-10 16:25:50.292 | INFO     | src.train:train_all_models:87 - =======================================================
2026-03-10 16:25:50.319 | INFO     | src.feature_engineering:build_feature_pipeline:153 - Feature pipeline built.
2026-03-10 16:25:54.509 | INFO     | src.evaluate:evaluate_model:57 - 
[VAL] Evaluation Results:
2026-03-10 16:25:54.510 | INFO     | src.evaluate:evaluate_model:58 -   ROC-AUC   : 0.6568
2026-03-10 16:25:54.510 | INFO     | src.evaluate:evaluate_model:59 -   F1        : 0.5316
2026-03-10 16:25:54.511 | INFO     | src.evaluate:evaluate_model:60 -   Precision : 0.5034
2026-03-10 16:25:54.511 | INFO     | src.evaluate:evaluate_model:61 -   Recall    : 0.5632
2026-03-10 16:25:54.521 | INFO     | src.evaluate:evaluate_model:62 - 
              precision    recall  f1-score   support

    No Churn       0.72      0.67      0.70       444
       Churn       0.50      0.56      0.53       261

    accuracy                           0.63       705
   macro avg       0.61      0.62      0.61       705
weighted avg       0.64      0.63      0.64       705

2026-03-10 16:25:54.580 | INFO     | src.evaluate:evaluate_model:57 - 
[TEST] Evaluation Results:
2026-03-10 16:25:54.580 | INFO     | src.evaluate:evaluate_model:58 -   ROC-AUC   : 0.6597
2026-03-10 16:25:54.581 | INFO     | src.evaluate:evaluate_model:59 -   F1        : 0.5346
2026-03-10 16:25:54.581 | INFO     | src.evaluate:evaluate_model:60 -   Precision : 0.4975
2026-03-10 16:25:54.581 | INFO     | src.evaluate:evaluate_model:61 -   Recall    : 0.5777
2026-03-10 16:25:54.592 | INFO     | src.evaluate:evaluate_model:62 - 
              precision    recall  f1-score   support

    No Churn       0.73      0.66      0.69       888
       Churn       0.50      0.58      0.53       521

    accuracy                           0.63      1409
   macro avg       0.61      0.62      0.61      1409
weighted avg       0.64      0.63      0.63      1409

2026-03-10 16:26:01.577 | INFO     | src.train:train_all_models:130 - Model saved → C:\Users\nagan\VSCode\crm_churn_prediction\models\lightgbm_pipeline.joblib
2026-03-10 16:26:01.609 | INFO     | __main__:run_full_pipeline:89 - STEP 5/7 — Detailed evaluation of best model: logistic_regression
2026-03-10 16:26:01.647 | INFO     | src.evaluate:find_optimal_threshold:219 - Optimal threshold: 0.354 (F1=0.5932)
2026-03-10 16:26:02.098 | INFO     | src.evaluate:plot_confusion_matrix:96 - Confusion matrix saved → C:\Users\nagan\VSCode\crm_churn_prediction\logs\plots\logistic_regression_confusion_matrix.png
2026-03-10 16:26:02.098 | INFO     | __main__:run_full_pipeline:103 - STEP 6/7 — Generating ROC comparison plots
2026-03-10 16:26:02.667 | INFO     | src.evaluate:plot_roc_curves:128 - ROC curves saved → C:\Users\nagan\VSCode\crm_churn_prediction\logs\plots\roc_curves_comparison.png
2026-03-10 16:26:02.668 | INFO     | __main__:run_full_pipeline:108 - STEP 7/7 — Computing SHAP feature importance
2026-03-10 16:26:05.085 | INFO     | src.evaluate:plot_shap_importance:150 - Computing SHAP values (this may take ~30s) …
2026-03-10 16:26:05.987 | INFO     | src.evaluate:plot_shap_importance:203 - SHAP plot saved → C:\Users\nagan\VSCode\crm_churn_prediction\logs\plots\logistic_regression_shap_importance.png
2026-03-10 16:26:05.999 | INFO     | __main__:run_full_pipeline:123 - Best model saved → C:\Users\nagan\VSCode\crm_churn_prediction\models\xgboost_pipeline.joblib
2026-03-11 04:47:00 | INFO     | ============================================================
2026-03-11 04:47:00 | INFO     | CRM CHURN PREDICTION PIPELINE — START
2026-03-11 04:47:00 | INFO     | ============================================================
2026-03-11 04:47:00 | INFO     | STEP 1/5 — Loading data & running quality audit
2026-03-11 04:47:00 | INFO     | Loading dataset from: C:\Users\nagan\VSCode\crm_churn_prediction\data\telco_churn.csv
2026-03-11 04:47:00 | SUCCESS  | Dataset loaded — 7,043 rows × 21 columns
2026-03-11 04:47:00 | INFO     | ============================================================
2026-03-11 04:47:00 | INFO     | DATA QUALITY REPORT
2026-03-11 04:47:00 | INFO     | ============================================================
2026-03-11 04:47:00 | INFO     | --- [1/8] STRUCTURAL ERRORS ---
2026-03-11 04:47:00 | SUCCESS  |   All expected columns present ✓
2026-03-11 04:47:00 | SUCCESS  |   No unexpected extra columns ✓
2026-03-11 04:47:00 | INFO     |   Row count: 7,043
2026-03-11 04:47:00 | INFO     | --- [2/8] MISSING DATA ---
2026-03-11 04:47:00 | SUCCESS  |   No standard NaN / None values found ✓
2026-03-11 04:47:00 | WARNING  |   Empty/whitespace strings in 'TotalCharges': 11 rows
2026-03-11 04:47:00 | WARNING  |   'TotalCharges' has 11 whitespace-only entries (new customers with no charges yet) → will be imputed with median
2026-03-11 04:47:00 | INFO     | --- [3/8] DATA TYPE ISSUES ---
2026-03-11 04:47:00 | WARNING  |   'TotalCharges' dtype is 'object' (string) — expected float64. Cause: whitespace entries prevent automatic numeric parsing.
2026-03-11 04:47:00 | SUCCESS  |   'SeniorCitizen' dtype is int64 ✓
2026-03-11 04:47:00 | INFO     |   'Churn' unique values: ['No' 'Yes'] — will be encoded to 0/1
2026-03-11 04:47:00 | INFO     | --- [4/8] DUPLICATE DATA ---
2026-03-11 04:47:00 | SUCCESS  |   No duplicate rows ✓
2026-03-11 04:47:00 | SUCCESS  |   All customerIDs are unique ✓
2026-03-11 04:47:00 | INFO     | --- [5/8] INVALID DATA ---
2026-03-11 04:47:00 | SUCCESS  |   tenure >= 0 for all rows ✓
2026-03-11 04:47:00 | SUCCESS  |   MonthlyCharges > 0 for all rows ✓
2026-03-11 04:47:00 | SUCCESS  |   SeniorCitizen is strictly 0 or 1 ✓
2026-03-11 04:47:00 | SUCCESS  |   TotalCharges >= MonthlyCharges for all tenure > 1 rows ✓
2026-03-11 04:47:00 | SUCCESS  |   No invalid data detected ✓
2026-03-11 04:47:00 | INFO     | --- [6/8] INCONSISTENT DATA ---
2026-03-11 04:47:00 | SUCCESS  |   All categorical columns have consistent values ✓
2026-03-11 04:47:00 | INFO     | --- [7/8] OUTLIERS (IQR method) ---
2026-03-11 04:47:00 | SUCCESS  |   'tenure': no outliers detected ✓
2026-03-11 04:47:00 | SUCCESS  |   'MonthlyCharges': no outliers detected ✓
2026-03-11 04:47:00 | SUCCESS  |   'TotalCharges': no outliers detected ✓
2026-03-11 04:47:00 | INFO     | --- [8/8] CONTAMINATED DATA (leakage check) ---
2026-03-11 04:47:00 | INFO     |   'TotalCharges' note: contains implicit tenure information. We engineer 'TotalChargesGap' (actual vs expected) to reduce leakage risk.
2026-03-11 04:47:00 | SUCCESS  |   No obvious future-data contamination detected ✓
2026-03-11 04:47:00 | INFO     | --- CLASS BALANCE ---
2026-03-11 04:47:00 | INFO     |   No Churn : 5,174 (73.5%)
2026-03-11 04:47:00 | INFO     |   Churn    : 1,869 (26.5%)
2026-03-11 04:47:00 | WARNING  |   Class imbalance detected (26.5% churn). Using stratified splits and threshold tuning to compensate.
2026-03-11 04:47:00 | INFO     | ============================================================
2026-03-11 04:47:00 | INFO     | END OF DATA QUALITY REPORT
2026-03-11 04:47:00 | INFO     | ============================================================
2026-03-11 04:47:00 | INFO     | STEP 2/5 — Exploratory Data Analysis
2026-03-11 04:47:00 | INFO     | ============================================================
2026-03-11 04:47:00 | INFO     | EXPLORATORY DATA ANALYSIS
2026-03-11 04:47:00 | INFO     | Saving plots to: logs\plots/
2026-03-11 04:47:00 | INFO     | ============================================================
2026-03-11 04:47:02 | INFO     |   Saved: 01_missing_values.png
2026-03-11 04:47:03 | INFO     |   Saved: 02_churn_distribution.png
2026-03-11 04:47:05 | INFO     |   Saved: 03_numerical_distributions.png
2026-03-11 04:47:05 | INFO     |   Saved: 04_correlation_matrix.png
2026-03-11 04:47:07 | INFO     |   Saved: 05_churn_by_categoricals.png
2026-03-11 04:47:08 | INFO     |   Saved: 06_tenure_segments.png
2026-03-11 04:47:09 | INFO     |   Saved: 07_monthly_charges_boxplot.png
2026-03-11 04:47:11 | INFO     |   Saved: 08_service_bundle_score.png
2026-03-11 04:47:11 | INFO     |   Saved: 09_payment_method_churn.png
2026-03-11 04:47:12 | INFO     |   Saved: 10_high_risk_combo.png
2026-03-11 04:47:12 | SUCCESS  | EDA complete — 13 plots saved to logs\plots/
2026-03-11 04:47:12 | INFO     | STEP 3/5 — Preprocessing & stratified split
2026-03-11 04:47:12 | INFO     | Starting preprocessing pipeline...
2026-03-11 04:47:12 | INFO     | [Step 1/9] Structural fix
2026-03-11 04:49:50 | INFO     | ============================================================
2026-03-11 04:49:50 | INFO     | CRM CHURN PREDICTION PIPELINE — START
2026-03-11 04:49:50 | INFO     | ============================================================
2026-03-11 04:49:50 | INFO     | STEP 1/5 — Loading data & running quality audit
2026-03-11 04:49:50 | INFO     | Loading dataset from: C:\Users\nagan\VSCode\crm_churn_prediction\data\telco_churn.csv
2026-03-11 04:49:50 | SUCCESS  | Dataset loaded — 7,043 rows × 21 columns
2026-03-11 04:49:50 | INFO     | ============================================================
2026-03-11 04:49:50 | INFO     | DATA QUALITY REPORT
2026-03-11 04:49:50 | INFO     | ============================================================
2026-03-11 04:49:50 | INFO     | --- [1/8] STRUCTURAL ERRORS ---
2026-03-11 04:49:50 | SUCCESS  |   All expected columns present ✓
2026-03-11 04:49:50 | SUCCESS  |   No unexpected extra columns ✓
2026-03-11 04:49:50 | INFO     |   Row count: 7,043
2026-03-11 04:49:50 | INFO     | --- [2/8] MISSING DATA ---
2026-03-11 04:49:50 | SUCCESS  |   No standard NaN / None values found ✓
2026-03-11 04:49:50 | WARNING  |   Empty/whitespace strings in 'TotalCharges': 11 rows
2026-03-11 04:49:50 | WARNING  |   'TotalCharges' has 11 whitespace-only entries (new customers with no charges yet) → will be imputed with median
2026-03-11 04:49:50 | INFO     | --- [3/8] DATA TYPE ISSUES ---
2026-03-11 04:49:50 | WARNING  |   'TotalCharges' dtype is 'object' (string) — expected float64. Cause: whitespace entries prevent automatic numeric parsing.
2026-03-11 04:49:50 | SUCCESS  |   'SeniorCitizen' dtype is int64 ✓
2026-03-11 04:49:50 | INFO     |   'Churn' unique values: ['No' 'Yes'] — will be encoded to 0/1
2026-03-11 04:49:50 | INFO     | --- [4/8] DUPLICATE DATA ---
2026-03-11 04:49:50 | SUCCESS  |   No duplicate rows ✓
2026-03-11 04:49:50 | SUCCESS  |   All customerIDs are unique ✓
2026-03-11 04:49:50 | INFO     | --- [5/8] INVALID DATA ---
2026-03-11 04:49:50 | SUCCESS  |   tenure >= 0 for all rows ✓
2026-03-11 04:49:50 | SUCCESS  |   MonthlyCharges > 0 for all rows ✓
2026-03-11 04:49:50 | SUCCESS  |   SeniorCitizen is strictly 0 or 1 ✓
2026-03-11 04:49:50 | SUCCESS  |   TotalCharges >= MonthlyCharges for all tenure > 1 rows ✓
2026-03-11 04:49:50 | SUCCESS  |   No invalid data detected ✓
2026-03-11 04:49:50 | INFO     | --- [6/8] INCONSISTENT DATA ---
2026-03-11 04:49:50 | SUCCESS  |   All categorical columns have consistent values ✓
2026-03-11 04:49:50 | INFO     | --- [7/8] OUTLIERS (IQR method) ---
2026-03-11 04:49:50 | SUCCESS  |   'tenure': no outliers detected ✓
2026-03-11 04:49:50 | SUCCESS  |   'MonthlyCharges': no outliers detected ✓
2026-03-11 04:49:50 | SUCCESS  |   'TotalCharges': no outliers detected ✓
2026-03-11 04:49:50 | INFO     | --- [8/8] CONTAMINATED DATA (leakage check) ---
2026-03-11 04:49:50 | INFO     |   'TotalCharges' note: contains implicit tenure information. We engineer 'TotalChargesGap' (actual vs expected) to reduce leakage risk.
2026-03-11 04:49:50 | SUCCESS  |   No obvious future-data contamination detected ✓
2026-03-11 04:49:50 | INFO     | --- CLASS BALANCE ---
2026-03-11 04:49:50 | INFO     |   No Churn : 5,174 (73.5%)
2026-03-11 04:49:50 | INFO     |   Churn    : 1,869 (26.5%)
2026-03-11 04:49:50 | WARNING  |   Class imbalance detected (26.5% churn). Using stratified splits and threshold tuning to compensate.
2026-03-11 04:49:50 | INFO     | ============================================================
2026-03-11 04:49:50 | INFO     | END OF DATA QUALITY REPORT
2026-03-11 04:49:50 | INFO     | ============================================================
2026-03-11 04:49:50 | INFO     | STEP 2/5 — Exploratory Data Analysis
2026-03-11 04:49:50 | INFO     | ============================================================
2026-03-11 04:49:50 | INFO     | EXPLORATORY DATA ANALYSIS
2026-03-11 04:49:50 | INFO     | Saving plots to: logs\plots/
2026-03-11 04:49:50 | INFO     | ============================================================
2026-03-11 04:49:51 | INFO     |   Saved: 01_missing_values.png
2026-03-11 04:49:51 | INFO     |   Saved: 02_churn_distribution.png
2026-03-11 04:49:52 | INFO     |   Saved: 03_numerical_distributions.png
2026-03-11 04:49:53 | INFO     |   Saved: 04_correlation_matrix.png
2026-03-11 04:49:53 | INFO     |   Saved: 05_churn_by_categoricals.png
2026-03-11 04:49:54 | INFO     |   Saved: 06_tenure_segments.png
2026-03-11 04:49:54 | INFO     |   Saved: 07_monthly_charges_boxplot.png
2026-03-11 04:49:55 | INFO     |   Saved: 08_service_bundle_score.png
2026-03-11 04:49:55 | INFO     |   Saved: 09_payment_method_churn.png
2026-03-11 04:49:55 | INFO     |   Saved: 10_high_risk_combo.png
2026-03-11 04:49:55 | SUCCESS  | EDA complete — 13 plots saved to logs\plots/
2026-03-11 04:49:55 | INFO     | STEP 3/5 — Preprocessing & stratified split
2026-03-11 04:49:55 | INFO     | Starting preprocessing pipeline...
2026-03-11 04:49:55 | INFO     | [Step 1/9] Structural fix
2026-03-11 04:49:55 | SUCCESS  |   Schema validated — 21 columns retained
2026-03-11 04:49:55 | INFO     | [Step 2/9] Data type coercion
2026-03-11 04:49:55 | INFO     |   TotalCharges: object → float64 (11 whitespace entries became NaN)
2026-03-11 04:49:55 | INFO     | [Step 3/9] Missing value imputation
2026-03-11 04:49:55 | INFO     |   'TotalCharges': 11 missing → imputed with median (1397.47)
2026-03-11 04:49:55 | SUCCESS  |   No missing values remaining ✓
2026-03-11 04:49:55 | INFO     | [Step 4/9] Duplicate removal
2026-03-11 04:49:55 | SUCCESS  |   No duplicate rows found ✓ (7,043 rows retained)
2026-03-11 04:49:55 | INFO     | [Step 5/9] Invalid data correction
2026-03-11 04:49:55 | SUCCESS  |   No invalid values found ✓
2026-03-11 04:49:55 | INFO     | [Step 6/9] Inconsistent data normalisation
2026-03-11 04:49:55 | SUCCESS  |   Categorical columns normalised ✓
2026-03-11 04:49:55 | INFO     | [Step 7/9] Outlier audit (IQR method — keep strategy)
2026-03-11 04:49:55 | SUCCESS  |   'tenure': no outliers detected ✓
2026-03-11 04:49:55 | SUCCESS  |   'MonthlyCharges': no outliers detected ✓
2026-03-11 04:49:55 | SUCCESS  |   'TotalCharges': no outliers detected ✓
2026-03-11 04:49:55 | INFO     | [Step 8/9] Target encoding
2026-03-11 04:49:55 | SUCCESS  |   Churn encoded → unique values: [np.int64(0), np.int64(1)]
2026-03-11 04:49:55 | INFO     |   'customerID' dropped (no predictive value)
2026-03-11 04:49:55 | INFO     |   Features: 19 columns | Target: 'Churn'
2026-03-11 04:49:55 | INFO     | [Step 9/9] Stratified train/validation/test split (70/10/20)
2026-03-11 04:49:56 | INFO     |   Train       : 5,070 samples (72%) — churn rate: 26.5%
2026-03-11 04:49:56 | INFO     |   Validation  :   564 samples (8%) — churn rate: 26.6%
2026-03-11 04:49:56 | INFO     |   Test        : 1,409 samples (20%) — churn rate: 26.5%
2026-03-11 04:49:56 | SUCCESS  | Preprocessing complete.
2026-03-11 04:49:56 | INFO     | STEP 4/5 — Training models (MLflow tracking)
2026-03-11 04:49:59 | INFO     | 
=======================================================
2026-03-11 04:49:59 | INFO     | Training: LOGISTIC_REGRESSION
2026-03-11 04:49:59 | INFO     | =======================================================
2026-03-11 04:50:01 | INFO     | Feature pipeline built.
2026-03-11 04:50:01 | DEBUG    | Feature engineering complete. New features added: ChargesPerTenureMonth, IsLongTerm, IsNewCustomer, ServiceBundleScore, ContractRiskScore, TotalChargesGap, HighRiskCombo
2026-03-11 04:50:01 | DEBUG    | Feature engineering complete. New features added: ChargesPerTenureMonth, IsLongTerm, IsNewCustomer, ServiceBundleScore, ContractRiskScore, TotalChargesGap, HighRiskCombo
2026-03-11 04:50:01 | INFO     | 
[VAL] Evaluation Results:
2026-03-11 04:50:01 | INFO     |   ROC-AUC   : 0.8709
2026-03-11 04:50:01 | INFO     |   F1        : 0.6508
2026-03-11 04:50:01 | INFO     |   Precision : 0.5395
2026-03-11 04:50:01 | INFO     |   Recall    : 0.8200
2026-03-11 04:50:01 | INFO     | 
              precision    recall  f1-score   support

    No Churn       0.92      0.75      0.82       414
       Churn       0.54      0.82      0.65       150

    accuracy                           0.77       564
   macro avg       0.73      0.78      0.74       564
weighted avg       0.82      0.77      0.78       564

2026-03-11 04:50:01 | DEBUG    | Feature engineering complete. New features added: ChargesPerTenureMonth, IsLongTerm, IsNewCustomer, ServiceBundleScore, ContractRiskScore, TotalChargesGap, HighRiskCombo
2026-03-11 04:50:01 | INFO     | 
[TEST] Evaluation Results:
2026-03-11 04:50:01 | INFO     |   ROC-AUC   : 0.8456
2026-03-11 04:50:01 | INFO     |   F1        : 0.6155
2026-03-11 04:50:01 | INFO     |   Precision : 0.5069
2026-03-11 04:50:01 | INFO     |   Recall    : 0.7834
2026-03-11 04:50:01 | INFO     | 
              precision    recall  f1-score   support

    No Churn       0.90      0.72      0.80      1035
       Churn       0.51      0.78      0.62       374

    accuracy                           0.74      1409
   macro avg       0.70      0.75      0.71      1409
weighted avg       0.80      0.74      0.75      1409

2026-03-11 04:50:17 | INFO     | Model saved → C:\Users\nagan\VSCode\crm_churn_prediction\models\logistic_regression_pipeline.joblib
2026-03-11 04:50:17 | INFO     | 
=======================================================
2026-03-11 04:50:17 | INFO     | Training: RANDOM_FOREST
2026-03-11 04:50:17 | INFO     | =======================================================
2026-03-11 04:50:17 | INFO     | Feature pipeline built.
2026-03-11 04:50:17 | DEBUG    | Feature engineering complete. New features added: ChargesPerTenureMonth, IsLongTerm, IsNewCustomer, ServiceBundleScore, ContractRiskScore, TotalChargesGap, HighRiskCombo
2026-03-11 04:50:18 | DEBUG    | Feature engineering complete. New features added: ChargesPerTenureMonth, IsLongTerm, IsNewCustomer, ServiceBundleScore, ContractRiskScore, TotalChargesGap, HighRiskCombo
2026-03-11 04:50:18 | INFO     | 
[VAL] Evaluation Results:
2026-03-11 04:50:18 | INFO     |   ROC-AUC   : 0.8628
2026-03-11 04:50:18 | INFO     |   F1        : 0.6667
2026-03-11 04:50:18 | INFO     |   Precision : 0.5979
2026-03-11 04:50:18 | INFO     |   Recall    : 0.7533
2026-03-11 04:50:18 | INFO     | 
              precision    recall  f1-score   support

    No Churn       0.90      0.82      0.86       414
       Churn       0.60      0.75      0.67       150

    accuracy                           0.80       564
   macro avg       0.75      0.78      0.76       564
weighted avg       0.82      0.80      0.81       564

2026-03-11 04:50:18 | DEBUG    | Feature engineering complete. New features added: ChargesPerTenureMonth, IsLongTerm, IsNewCustomer, ServiceBundleScore, ContractRiskScore, TotalChargesGap, HighRiskCombo
2026-03-11 04:50:18 | INFO     | 
[TEST] Evaluation Results:
2026-03-11 04:50:18 | INFO     |   ROC-AUC   : 0.8420
2026-03-11 04:50:18 | INFO     |   F1        : 0.6282
2026-03-11 04:50:18 | INFO     |   Precision : 0.5609
2026-03-11 04:50:18 | INFO     |   Recall    : 0.7139
2026-03-11 04:50:18 | INFO     | 
              precision    recall  f1-score   support

    No Churn       0.89      0.80      0.84      1035
       Churn       0.56      0.71      0.63       374

    accuracy                           0.78      1409
   macro avg       0.72      0.76      0.73      1409
weighted avg       0.80      0.78      0.78      1409

2026-03-11 04:50:25 | INFO     | Model saved → C:\Users\nagan\VSCode\crm_churn_prediction\models\random_forest_pipeline.joblib
2026-03-11 04:50:25 | INFO     | 
=======================================================
2026-03-11 04:50:25 | INFO     | Training: XGBOOST
2026-03-11 04:50:25 | INFO     | =======================================================
2026-03-11 04:50:25 | INFO     | Feature pipeline built.
2026-03-11 04:50:25 | DEBUG    | Feature engineering complete. New features added: ChargesPerTenureMonth, IsLongTerm, IsNewCustomer, ServiceBundleScore, ContractRiskScore, TotalChargesGap, HighRiskCombo
2026-03-11 04:50:25 | DEBUG    | Feature engineering complete. New features added: ChargesPerTenureMonth, IsLongTerm, IsNewCustomer, ServiceBundleScore, ContractRiskScore, TotalChargesGap, HighRiskCombo
2026-03-11 04:50:26 | DEBUG    | Feature engineering complete. New features added: ChargesPerTenureMonth, IsLongTerm, IsNewCustomer, ServiceBundleScore, ContractRiskScore, TotalChargesGap, HighRiskCombo
2026-03-11 04:50:26 | INFO     | 
[VAL] Evaluation Results:
2026-03-11 04:50:26 | INFO     |   ROC-AUC   : 0.8661
2026-03-11 04:50:26 | INFO     |   F1        : 0.5940
2026-03-11 04:50:26 | INFO     |   Precision : 0.6810
2026-03-11 04:50:26 | INFO     |   Recall    : 0.5267
2026-03-11 04:50:26 | INFO     | 
              precision    recall  f1-score   support

    No Churn       0.84      0.91      0.87       414
       Churn       0.68      0.53      0.59       150

    accuracy                           0.81       564
   macro avg       0.76      0.72      0.73       564
weighted avg       0.80      0.81      0.80       564

2026-03-11 04:50:26 | DEBUG    | Feature engineering complete. New features added: ChargesPerTenureMonth, IsLongTerm, IsNewCustomer, ServiceBundleScore, ContractRiskScore, TotalChargesGap, HighRiskCombo
2026-03-11 04:50:26 | INFO     | 
[TEST] Evaluation Results:
2026-03-11 04:50:26 | INFO     |   ROC-AUC   : 0.8268
2026-03-11 04:50:26 | INFO     |   F1        : 0.5539
2026-03-11 04:50:26 | INFO     |   Precision : 0.6293
2026-03-11 04:50:26 | INFO     |   Recall    : 0.4947
2026-03-11 04:50:26 | INFO     | 
              precision    recall  f1-score   support

    No Churn       0.83      0.89      0.86      1035
       Churn       0.63      0.49      0.55       374

    accuracy                           0.79      1409
   macro avg       0.73      0.69      0.71      1409
weighted avg       0.78      0.79      0.78      1409

2026-03-11 04:50:33 | INFO     | Model saved → C:\Users\nagan\VSCode\crm_churn_prediction\models\xgboost_pipeline.joblib
2026-03-11 04:50:33 | INFO     | 
=======================================================
2026-03-11 04:50:33 | INFO     | Training: LIGHTGBM
2026-03-11 04:50:33 | INFO     | =======================================================
2026-03-11 04:50:33 | INFO     | Feature pipeline built.
2026-03-11 04:50:33 | DEBUG    | Feature engineering complete. New features added: ChargesPerTenureMonth, IsLongTerm, IsNewCustomer, ServiceBundleScore, ContractRiskScore, TotalChargesGap, HighRiskCombo
2026-03-11 04:50:39 | DEBUG    | Feature engineering complete. New features added: ChargesPerTenureMonth, IsLongTerm, IsNewCustomer, ServiceBundleScore, ContractRiskScore, TotalChargesGap, HighRiskCombo
2026-03-11 04:50:39 | INFO     | 
[VAL] Evaluation Results:
2026-03-11 04:50:39 | INFO     |   ROC-AUC   : 0.8605
2026-03-11 04:50:39 | INFO     |   F1        : 0.6455
2026-03-11 04:50:39 | INFO     |   Precision : 0.5685
2026-03-11 04:50:39 | INFO     |   Recall    : 0.7467
2026-03-11 04:50:39 | INFO     | 
              precision    recall  f1-score   support

    No Churn       0.90      0.79      0.84       414
       Churn       0.57      0.75      0.65       150

    accuracy                           0.78       564
   macro avg       0.73      0.77      0.74       564
weighted avg       0.81      0.78      0.79       564

2026-03-11 04:50:39 | DEBUG    | Feature engineering complete. New features added: ChargesPerTenureMonth, IsLongTerm, IsNewCustomer, ServiceBundleScore, ContractRiskScore, TotalChargesGap, HighRiskCombo
2026-03-11 04:50:39 | INFO     | 
[TEST] Evaluation Results:
2026-03-11 04:50:39 | INFO     |   ROC-AUC   : 0.8267
2026-03-11 04:50:39 | INFO     |   F1        : 0.6000
2026-03-11 04:50:39 | INFO     |   Precision : 0.5217
2026-03-11 04:50:39 | INFO     |   Recall    : 0.7059
2026-03-11 04:50:39 | INFO     | 
              precision    recall  f1-score   support

    No Churn       0.88      0.77      0.82      1035
       Churn       0.52      0.71      0.60       374

    accuracy                           0.75      1409
   macro avg       0.70      0.74      0.71      1409
weighted avg       0.78      0.75      0.76      1409

2026-03-11 04:50:47 | INFO     | Model saved → C:\Users\nagan\VSCode\crm_churn_prediction\models\lightgbm_pipeline.joblib
2026-03-11 04:50:47 | INFO     | STEP 5/5 — Evaluation & plots
2026-03-11 04:50:47 | DEBUG    | Feature engineering complete. New features added: ChargesPerTenureMonth, IsLongTerm, IsNewCustomer, ServiceBundleScore, ContractRiskScore, TotalChargesGap, HighRiskCombo
2026-03-11 04:50:47 | DEBUG    | Feature engineering complete. New features added: ChargesPerTenureMonth, IsLongTerm, IsNewCustomer, ServiceBundleScore, ContractRiskScore, TotalChargesGap, HighRiskCombo
2026-03-11 04:50:47 | DEBUG    | Feature engineering complete. New features added: ChargesPerTenureMonth, IsLongTerm, IsNewCustomer, ServiceBundleScore, ContractRiskScore, TotalChargesGap, HighRiskCombo
2026-03-11 04:50:47 | DEBUG    | Feature engineering complete. New features added: ChargesPerTenureMonth, IsLongTerm, IsNewCustomer, ServiceBundleScore, ContractRiskScore, TotalChargesGap, HighRiskCombo
2026-03-11 04:50:47 | INFO     | ROC curves saved → C:\Users\nagan\VSCode\crm_churn_prediction\logs\plots\roc_curves_comparison.png
2026-03-11 04:50:47 | DEBUG    | Feature engineering complete. New features added: ChargesPerTenureMonth, IsLongTerm, IsNewCustomer, ServiceBundleScore, ContractRiskScore, TotalChargesGap, HighRiskCombo
2026-03-11 04:50:48 | INFO     | Optimal threshold: 0.610 (F1=0.6888)
2026-03-11 04:50:48 | DEBUG    | Feature engineering complete. New features added: ChargesPerTenureMonth, IsLongTerm, IsNewCustomer, ServiceBundleScore, ContractRiskScore, TotalChargesGap, HighRiskCombo
2026-03-11 04:50:48 | INFO     | Confusion matrix saved → C:\Users\nagan\VSCode\crm_churn_prediction\logs\plots\logistic_regression_confusion_matrix.png
2026-03-11 04:50:52 | INFO     | Computing SHAP values (this may take ~30s) …
2026-03-11 04:50:52 | DEBUG    | Feature engineering complete. New features added: ChargesPerTenureMonth, IsLongTerm, IsNewCustomer, ServiceBundleScore, ContractRiskScore, TotalChargesGap, HighRiskCombo
2026-03-11 04:50:53 | INFO     | SHAP plot saved → C:\Users\nagan\VSCode\crm_churn_prediction\logs\plots\logistic_regression_shap_importance.png
2026-03-11 04:50:53 | INFO     | ============================================================
2026-03-11 04:50:53 | INFO     | PIPELINE COMPLETE ✅  Best model: logistic_regression
2026-03-11 04:50:53 | INFO     |   Plots   → logs/plots/
2026-03-11 04:50:53 | INFO     |   Models  → models/
2026-03-11 04:50:53 | INFO     |   MLflow  → python -m mlflow ui --backend-store-uri sqlite:///mlflow.db
2026-03-11 04:50:53 | INFO     |   API     → python -m uvicorn api.main:app --reload --port 8000
2026-03-11 04:50:53 | INFO     |   Dashboard → python -m streamlit run dashboard/app.py
2026-03-11 04:50:53 | INFO     | ============================================================
